2021-09-23 10:34:25,986 -INFO -***** WELCOME TO WEATHER API LOGS *****
2021-09-23 10:34:26,002 -INFO - * Restarting with stat
2021-09-23 10:34:26,432 -INFO -***** WELCOME TO WEATHER API LOGS *****
2021-09-23 10:34:26,432 -WARNING - * Debugger is active!
2021-09-23 10:34:26,448 -INFO - * Debugger PIN: 996-908-808
2021-09-23 10:34:26,499 -INFO - * Running on http://127.0.0.1:5000/ (Press CTRL+C to quit)
2021-09-23 10:34:41,802 -INFO -Location is Muzaffarpur,IN
2021-09-23 10:34:41,802 -INFO -in checkingcache
2021-09-23 10:34:41,802 -INFO -location is Muzaffarpur,IN and cache is {}
2021-09-23 10:34:41,802 -INFO -data for location Muzaffarpur,IN is not found in cache
2021-09-23 10:34:41,802 -INFO -complete URL is https://api.openweathermap.org/data/2.5/weather?q=Muzaffarpur,IN&appid=522de672316f977feec60f1733b46aee
2021-09-23 10:34:42,203 -INFO -status code is 200
2021-09-23 10:34:42,204 -INFO -coming from openweathermap api
2021-09-23 10:34:42,204 -INFO -in getresponsedata
2021-09-23 10:34:42,204 -INFO -getting response data from getresponsedata
2021-09-23 10:34:42,204 -INFO -Cache is updated with location: Muzaffarpur,IN
2021-09-23 10:34:42,204 -INFO -Final response object is {'location_name': 'Muzaffarpur,IN', 'temperature': ['26.96C', '80.53F'], 'wind': '5.78m/s', 'cloudiness': '43%', 'pressure': '1008hpa', 'humidity': '69%', 'geo_coordinates': [26.1167, 85.4], 'sunrise': '00:07', 'sunset': '12:14', 'forecast': 'scattered clouds', 'headers': {'content-type': 'application/json'}, 'requested_time': '2021-09-23 10:34:42'}
2021-09-23 10:34:42,204 -INFO -127.0.0.1 - - [23/Sep/2021 10:34:42] "GET /weather?city=Muzaffarpur&country=IN& HTTP/1.1" 200 -
2021-09-23 10:34:48,597 -INFO -Location is Muzaffarpur,IN
2021-09-23 10:34:48,597 -INFO -in checkingcache
2021-09-23 10:34:48,597 -INFO -location is Muzaffarpur,IN and cache is {'Muzaffarpur,IN': {'time': datetime.datetime(2021, 9, 23, 10, 34, 42, 204346), 'body': {'location_name': 'Muzaffarpur,IN', 'temperature': ['26.96C', '80.53F'], 'wind': '5.78m/s', 'cloudiness': '43%', 'pressure': '1008hpa', 'humidity': '69%', 'geo_coordinates': [26.1167, 85.4], 'sunrise': '00:07', 'sunset': '12:14', 'forecast': 'scattered clouds', 'headers': {'content-type': 'application/json'}, 'requested_time': '2021-09-23 10:34:42'}}}
2021-09-23 10:34:48,597 -INFO -returning data from cache
2021-09-23 10:34:48,598 -INFO -coming from cache
2021-09-23 10:34:48,598 -INFO -in checkingcache
2021-09-23 10:34:48,598 -INFO -location is Muzaffarpur,IN and cache is {'Muzaffarpur,IN': {'time': datetime.datetime(2021, 9, 23, 10, 34, 42, 204346), 'body': {'location_name': 'Muzaffarpur,IN', 'temperature': ['26.96C', '80.53F'], 'wind': '5.78m/s', 'cloudiness': '43%', 'pressure': '1008hpa', 'humidity': '69%', 'geo_coordinates': [26.1167, 85.4], 'sunrise': '00:07', 'sunset': '12:14', 'forecast': 'scattered clouds', 'headers': {'content-type': 'application/json'}, 'requested_time': '2021-09-23 10:34:42'}}}
2021-09-23 10:34:48,598 -INFO -returning data from cache
2021-09-23 10:34:48,598 -INFO -Final response object is {'location_name': 'Muzaffarpur,IN', 'temperature': ['26.96C', '80.53F'], 'wind': '5.78m/s', 'cloudiness': '43%', 'pressure': '1008hpa', 'humidity': '69%', 'geo_coordinates': [26.1167, 85.4], 'sunrise': '00:07', 'sunset': '12:14', 'forecast': 'scattered clouds', 'headers': {'content-type': 'application/json'}, 'requested_time': '2021-09-23 10:34:48'}
2021-09-23 10:34:48,600 -INFO -127.0.0.1 - - [23/Sep/2021 10:34:48] "GET /weather?city=Muzaffarpur&country=IN& HTTP/1.1" 200 -
2021-09-23 10:35:03,385 -INFO -Location is Salta,AR
2021-09-23 10:35:03,385 -INFO -in checkingcache
2021-09-23 10:35:03,385 -INFO -location is Salta,AR and cache is {'Muzaffarpur,IN': {'time': datetime.datetime(2021, 9, 23, 10, 34, 42, 204346), 'body': {'location_name': 'Muzaffarpur,IN', 'temperature': ['26.96C', '80.53F'], 'wind': '5.78m/s', 'cloudiness': '43%', 'pressure': '1008hpa', 'humidity': '69%', 'geo_coordinates': [26.1167, 85.4], 'sunrise': '00:07', 'sunset': '12:14', 'forecast': 'scattered clouds', 'headers': {'content-type': 'application/json'}, 'requested_time': '2021-09-23 10:34:48'}}}
2021-09-23 10:35:03,387 -INFO -data for location Salta,AR is not found in cache
2021-09-23 10:35:03,387 -INFO -complete URL is https://api.openweathermap.org/data/2.5/weather?q=Salta,AR&appid=522de672316f977feec60f1733b46aee
2021-09-23 10:35:03,771 -INFO -status code is 200
2021-09-23 10:35:03,771 -INFO -coming from openweathermap api
2021-09-23 10:35:03,771 -INFO -in getresponsedata
2021-09-23 10:35:03,771 -INFO -getting response data from getresponsedata
2021-09-23 10:35:03,771 -INFO -Cache is updated with location: Salta,AR
2021-09-23 10:35:03,771 -INFO -Final response object is {'location_name': 'Salta,AR', 'temperature': ['14.76C', '58.57F'], 'wind': '0.89m/s', 'cloudiness': '100%', 'pressure': '1021hpa', 'humidity': '62%', 'geo_coordinates': [-24.7859, -65.4117], 'sunrise': '10:09', 'sunset': '22:18', 'forecast': 'overcast clouds', 'headers': {'content-type': 'application/json'}, 'requested_time': '2021-09-23 10:35:03'}
2021-09-23 10:35:03,771 -INFO -127.0.0.1 - - [23/Sep/2021 10:35:03] "GET /weather?city=Salta&country=AR& HTTP/1.1" 200 -
2021-09-23 10:35:22,397 -INFO -Location is Boston,US
2021-09-23 10:35:22,399 -INFO -in checkingcache
2021-09-23 10:35:22,399 -INFO -location is Boston,US and cache is {'Muzaffarpur,IN': {'time': datetime.datetime(2021, 9, 23, 10, 34, 42, 204346), 'body': {'location_name': 'Muzaffarpur,IN', 'temperature': ['26.96C', '80.53F'], 'wind': '5.78m/s', 'cloudiness': '43%', 'pressure': '1008hpa', 'humidity': '69%', 'geo_coordinates': [26.1167, 85.4], 'sunrise': '00:07', 'sunset': '12:14', 'forecast': 'scattered clouds', 'headers': {'content-type': 'application/json'}, 'requested_time': '2021-09-23 10:34:48'}}, 'Salta,AR': {'time': datetime.datetime(2021, 9, 23, 10, 35, 3, 771610), 'body': {'location_name': 'Salta,AR', 'temperature': ['14.76C', '58.57F'], 'wind': '0.89m/s', 'cloudiness': '100%', 'pressure': '1021hpa', 'humidity': '62%', 'geo_coordinates': [-24.7859, -65.4117], 'sunrise': '10:09', 'sunset': '22:18', 'forecast': 'overcast clouds', 'headers': {'content-type': 'application/json'}, 'requested_time': '2021-09-23 10:35:03'}}}
2021-09-23 10:35:22,399 -INFO -data for location Boston,US is not found in cache
2021-09-23 10:35:22,399 -INFO -complete URL is https://api.openweathermap.org/data/2.5/weather?q=Boston,US&appid=522de672316f977feec60f1733b46aee
2021-09-23 10:35:22,773 -INFO -status code is 200
2021-09-23 10:35:22,781 -INFO -coming from openweathermap api
2021-09-23 10:35:22,781 -INFO -in getresponsedata
2021-09-23 10:35:22,781 -INFO -getting response data from getresponsedata
2021-09-23 10:35:22,781 -INFO -Cache is updated with location: Boston,US
2021-09-23 10:35:22,781 -INFO -Final response object is {'location_name': 'Boston,US', 'temperature': ['19.67C', '67.41F'], 'wind': '1.34m/s', 'cloudiness': '100%', 'pressure': '1020hpa', 'humidity': '91%', 'geo_coordinates': [42.3584, -71.0598], 'sunrise': '10:32', 'sunset': '22:40', 'forecast': 'overcast clouds', 'headers': {'content-type': 'application/json'}, 'requested_time': '2021-09-23 10:35:22'}
2021-09-23 10:35:22,781 -INFO -127.0.0.1 - - [23/Sep/2021 10:35:22] "GET /weather?city=Boston&country=US& HTTP/1.1" 200 -
2021-09-23 10:35:38,029 -INFO -Location is London,UK
2021-09-23 10:35:38,029 -INFO -in checkingcache
2021-09-23 10:35:38,029 -INFO -location is London,UK and cache is {'Muzaffarpur,IN': {'time': datetime.datetime(2021, 9, 23, 10, 34, 42, 204346), 'body': {'location_name': 'Muzaffarpur,IN', 'temperature': ['26.96C', '80.53F'], 'wind': '5.78m/s', 'cloudiness': '43%', 'pressure': '1008hpa', 'humidity': '69%', 'geo_coordinates': [26.1167, 85.4], 'sunrise': '00:07', 'sunset': '12:14', 'forecast': 'scattered clouds', 'headers': {'content-type': 'application/json'}, 'requested_time': '2021-09-23 10:34:48'}}, 'Salta,AR': {'time': datetime.datetime(2021, 9, 23, 10, 35, 3, 771610), 'body': {'location_name': 'Salta,AR', 'temperature': ['14.76C', '58.57F'], 'wind': '0.89m/s', 'cloudiness': '100%', 'pressure': '1021hpa', 'humidity': '62%', 'geo_coordinates': [-24.7859, -65.4117], 'sunrise': '10:09', 'sunset': '22:18', 'forecast': 'overcast clouds', 'headers': {'content-type': 'application/json'}, 'requested_time': '2021-09-23 10:35:03'}}, 'Boston,US': {'time': datetime.datetime(2021, 9, 23, 10, 35, 22, 781798), 'body': {'location_name': 'Boston,US', 'temperature': ['19.67C', '67.41F'], 'wind': '1.34m/s', 'cloudiness': '100%', 'pressure': '1020hpa', 'humidity': '91%', 'geo_coordinates': [42.3584, -71.0598], 'sunrise': '10:32', 'sunset': '22:40', 'forecast': 'overcast clouds', 'headers': {'content-type': 'application/json'}, 'requested_time': '2021-09-23 10:35:22'}}}
2021-09-23 10:35:38,029 -INFO -data for location London,UK is not found in cache
2021-09-23 10:35:38,029 -INFO -complete URL is https://api.openweathermap.org/data/2.5/weather?q=London,UK&appid=522de672316f977feec60f1733b46aee
2021-09-23 10:35:38,398 -INFO -status code is 200
2021-09-23 10:35:38,398 -INFO -coming from openweathermap api
2021-09-23 10:35:38,398 -INFO -in getresponsedata
2021-09-23 10:35:38,398 -INFO -getting response data from getresponsedata
2021-09-23 10:35:38,398 -INFO -Cache is updated with location: London,UK
2021-09-23 10:35:38,398 -INFO -Final response object is {'location_name': 'London,UK', 'temperature': ['12.03C', '53.65F'], 'wind': '4.63m/s', 'cloudiness': '20%', 'pressure': '1022hpa', 'humidity': '88%', 'geo_coordinates': [51.5085, -0.1257], 'sunrise': '05:48', 'sunset': '17:57', 'forecast': 'few clouds', 'headers': {'content-type': 'application/json'}, 'requested_time': '2021-09-23 10:35:38'}
2021-09-23 10:35:38,398 -INFO -127.0.0.1 - - [23/Sep/2021 10:35:38] "GET /weather?city=London&country=UK& HTTP/1.1" 200 -
2021-09-23 10:36:02,493 -INFO -Location is Mumbai,IN
2021-09-23 10:36:02,493 -INFO -in checkingcache
2021-09-23 10:36:02,493 -INFO -location is Mumbai,IN and cache is {'Muzaffarpur,IN': {'time': datetime.datetime(2021, 9, 23, 10, 34, 42, 204346), 'body': {'location_name': 'Muzaffarpur,IN', 'temperature': ['26.96C', '80.53F'], 'wind': '5.78m/s', 'cloudiness': '43%', 'pressure': '1008hpa', 'humidity': '69%', 'geo_coordinates': [26.1167, 85.4], 'sunrise': '00:07', 'sunset': '12:14', 'forecast': 'scattered clouds', 'headers': {'content-type': 'application/json'}, 'requested_time': '2021-09-23 10:34:48'}}, 'Salta,AR': {'time': datetime.datetime(2021, 9, 23, 10, 35, 3, 771610), 'body': {'location_name': 'Salta,AR', 'temperature': ['14.76C', '58.57F'], 'wind': '0.89m/s', 'cloudiness': '100%', 'pressure': '1021hpa', 'humidity': '62%', 'geo_coordinates': [-24.7859, -65.4117], 'sunrise': '10:09', 'sunset': '22:18', 'forecast': 'overcast clouds', 'headers': {'content-type': 'application/json'}, 'requested_time': '2021-09-23 10:35:03'}}, 'Boston,US': {'time': datetime.datetime(2021, 9, 23, 10, 35, 22, 781798), 'body': {'location_name': 'Boston,US', 'temperature': ['19.67C', '67.41F'], 'wind': '1.34m/s', 'cloudiness': '100%', 'pressure': '1020hpa', 'humidity': '91%', 'geo_coordinates': [42.3584, -71.0598], 'sunrise': '10:32', 'sunset': '22:40', 'forecast': 'overcast clouds', 'headers': {'content-type': 'application/json'}, 'requested_time': '2021-09-23 10:35:22'}}, 'London,UK': {'time': datetime.datetime(2021, 9, 23, 10, 35, 38, 398914), 'body': {'location_name': 'London,UK', 'temperature': ['12.03C', '53.65F'], 'wind': '4.63m/s', 'cloudiness': '20%', 'pressure': '1022hpa', 'humidity': '88%', 'geo_coordinates': [51.5085, -0.1257], 'sunrise': '05:48', 'sunset': '17:57', 'forecast': 'few clouds', 'headers': {'content-type': 'application/json'}, 'requested_time': '2021-09-23 10:35:38'}}}
2021-09-23 10:36:02,493 -INFO -data for location Mumbai,IN is not found in cache
2021-09-23 10:36:02,493 -INFO -complete URL is https://api.openweathermap.org/data/2.5/weather?q=Mumbai,IN&appid=522de672316f977feec60f1733b46aee
2021-09-23 10:36:02,851 -INFO -status code is 200
2021-09-23 10:36:02,851 -INFO -coming from openweathermap api
2021-09-23 10:36:02,852 -INFO -in getresponsedata
2021-09-23 10:36:02,852 -INFO -getting response data from getresponsedata
2021-09-23 10:36:02,852 -INFO -Cache is updated with location: Mumbai,IN
2021-09-23 10:36:02,852 -INFO -Final response object is {'location_name': 'Mumbai,IN', 'temperature': ['27.99C', '82.38F'], 'wind': '2.06m/s', 'cloudiness': '75%', 'pressure': '1007hpa', 'humidity': '89%', 'geo_coordinates': [19.0144, 72.8479], 'sunrise': '00:57', 'sunset': '13:04', 'forecast': 'haze', 'headers': {'content-type': 'application/json'}, 'requested_time': '2021-09-23 10:36:02'}
2021-09-23 10:36:02,852 -INFO -127.0.0.1 - - [23/Sep/2021 10:36:02] "GET /weather?city=Mumbai&country=IN& HTTP/1.1" 200 -
2021-09-23 10:36:06,374 -INFO -Location is Mumbai,IN
2021-09-23 10:36:06,374 -INFO -in checkingcache
2021-09-23 10:36:06,382 -INFO -location is Mumbai,IN and cache is {'Muzaffarpur,IN': {'time': datetime.datetime(2021, 9, 23, 10, 34, 42, 204346), 'body': {'location_name': 'Muzaffarpur,IN', 'temperature': ['26.96C', '80.53F'], 'wind': '5.78m/s', 'cloudiness': '43%', 'pressure': '1008hpa', 'humidity': '69%', 'geo_coordinates': [26.1167, 85.4], 'sunrise': '00:07', 'sunset': '12:14', 'forecast': 'scattered clouds', 'headers': {'content-type': 'application/json'}, 'requested_time': '2021-09-23 10:34:48'}}, 'Salta,AR': {'time': datetime.datetime(2021, 9, 23, 10, 35, 3, 771610), 'body': {'location_name': 'Salta,AR', 'temperature': ['14.76C', '58.57F'], 'wind': '0.89m/s', 'cloudiness': '100%', 'pressure': '1021hpa', 'humidity': '62%', 'geo_coordinates': [-24.7859, -65.4117], 'sunrise': '10:09', 'sunset': '22:18', 'forecast': 'overcast clouds', 'headers': {'content-type': 'application/json'}, 'requested_time': '2021-09-23 10:35:03'}}, 'Boston,US': {'time': datetime.datetime(2021, 9, 23, 10, 35, 22, 781798), 'body': {'location_name': 'Boston,US', 'temperature': ['19.67C', '67.41F'], 'wind': '1.34m/s', 'cloudiness': '100%', 'pressure': '1020hpa', 'humidity': '91%', 'geo_coordinates': [42.3584, -71.0598], 'sunrise': '10:32', 'sunset': '22:40', 'forecast': 'overcast clouds', 'headers': {'content-type': 'application/json'}, 'requested_time': '2021-09-23 10:35:22'}}, 'London,UK': {'time': datetime.datetime(2021, 9, 23, 10, 35, 38, 398914), 'body': {'location_name': 'London,UK', 'temperature': ['12.03C', '53.65F'], 'wind': '4.63m/s', 'cloudiness': '20%', 'pressure': '1022hpa', 'humidity': '88%', 'geo_coordinates': [51.5085, -0.1257], 'sunrise': '05:48', 'sunset': '17:57', 'forecast': 'few clouds', 'headers': {'content-type': 'application/json'}, 'requested_time': '2021-09-23 10:35:38'}}, 'Mumbai,IN': {'time': datetime.datetime(2021, 9, 23, 10, 36, 2, 852283), 'body': {'location_name': 'Mumbai,IN', 'temperature': ['27.99C', '82.38F'], 'wind': '2.06m/s', 'cloudiness': '75%', 'pressure': '1007hpa', 'humidity': '89%', 'geo_coordinates': [19.0144, 72.8479], 'sunrise': '00:57', 'sunset': '13:04', 'forecast': 'haze', 'headers': {'content-type': 'application/json'}, 'requested_time': '2021-09-23 10:36:02'}}}
2021-09-23 10:36:06,382 -INFO -returning data from cache
2021-09-23 10:36:06,382 -INFO -coming from cache
2021-09-23 10:36:06,382 -INFO -in checkingcache
2021-09-23 10:36:06,383 -INFO -location is Mumbai,IN and cache is {'Muzaffarpur,IN': {'time': datetime.datetime(2021, 9, 23, 10, 34, 42, 204346), 'body': {'location_name': 'Muzaffarpur,IN', 'temperature': ['26.96C', '80.53F'], 'wind': '5.78m/s', 'cloudiness': '43%', 'pressure': '1008hpa', 'humidity': '69%', 'geo_coordinates': [26.1167, 85.4], 'sunrise': '00:07', 'sunset': '12:14', 'forecast': 'scattered clouds', 'headers': {'content-type': 'application/json'}, 'requested_time': '2021-09-23 10:34:48'}}, 'Salta,AR': {'time': datetime.datetime(2021, 9, 23, 10, 35, 3, 771610), 'body': {'location_name': 'Salta,AR', 'temperature': ['14.76C', '58.57F'], 'wind': '0.89m/s', 'cloudiness': '100%', 'pressure': '1021hpa', 'humidity': '62%', 'geo_coordinates': [-24.7859, -65.4117], 'sunrise': '10:09', 'sunset': '22:18', 'forecast': 'overcast clouds', 'headers': {'content-type': 'application/json'}, 'requested_time': '2021-09-23 10:35:03'}}, 'Boston,US': {'time': datetime.datetime(2021, 9, 23, 10, 35, 22, 781798), 'body': {'location_name': 'Boston,US', 'temperature': ['19.67C', '67.41F'], 'wind': '1.34m/s', 'cloudiness': '100%', 'pressure': '1020hpa', 'humidity': '91%', 'geo_coordinates': [42.3584, -71.0598], 'sunrise': '10:32', 'sunset': '22:40', 'forecast': 'overcast clouds', 'headers': {'content-type': 'application/json'}, 'requested_time': '2021-09-23 10:35:22'}}, 'London,UK': {'time': datetime.datetime(2021, 9, 23, 10, 35, 38, 398914), 'body': {'location_name': 'London,UK', 'temperature': ['12.03C', '53.65F'], 'wind': '4.63m/s', 'cloudiness': '20%', 'pressure': '1022hpa', 'humidity': '88%', 'geo_coordinates': [51.5085, -0.1257], 'sunrise': '05:48', 'sunset': '17:57', 'forecast': 'few clouds', 'headers': {'content-type': 'application/json'}, 'requested_time': '2021-09-23 10:35:38'}}, 'Mumbai,IN': {'time': datetime.datetime(2021, 9, 23, 10, 36, 2, 852283), 'body': {'location_name': 'Mumbai,IN', 'temperature': ['27.99C', '82.38F'], 'wind': '2.06m/s', 'cloudiness': '75%', 'pressure': '1007hpa', 'humidity': '89%', 'geo_coordinates': [19.0144, 72.8479], 'sunrise': '00:57', 'sunset': '13:04', 'forecast': 'haze', 'headers': {'content-type': 'application/json'}, 'requested_time': '2021-09-23 10:36:02'}}}
2021-09-23 10:36:06,383 -INFO -returning data from cache
2021-09-23 10:36:06,383 -INFO -Final response object is {'location_name': 'Mumbai,IN', 'temperature': ['27.99C', '82.38F'], 'wind': '2.06m/s', 'cloudiness': '75%', 'pressure': '1007hpa', 'humidity': '89%', 'geo_coordinates': [19.0144, 72.8479], 'sunrise': '00:57', 'sunset': '13:04', 'forecast': 'haze', 'headers': {'content-type': 'application/json'}, 'requested_time': '2021-09-23 10:36:06'}
2021-09-23 10:36:06,383 -INFO -127.0.0.1 - - [23/Sep/2021 10:36:06] "GET /weather?city=Mumbai&country=IN& HTTP/1.1" 200 -
2021-09-23 10:38:03,371 -INFO -Location is Muzaffarpur,IN
2021-09-23 10:38:03,371 -INFO -in checkingcache
2021-09-23 10:38:03,371 -INFO -location is Muzaffarpur,IN and cache is {'Muzaffarpur,IN': {'time': datetime.datetime(2021, 9, 23, 10, 34, 42, 204346), 'body': {'location_name': 'Muzaffarpur,IN', 'temperature': ['26.96C', '80.53F'], 'wind': '5.78m/s', 'cloudiness': '43%', 'pressure': '1008hpa', 'humidity': '69%', 'geo_coordinates': [26.1167, 85.4], 'sunrise': '00:07', 'sunset': '12:14', 'forecast': 'scattered clouds', 'headers': {'content-type': 'application/json'}, 'requested_time': '2021-09-23 10:34:48'}}, 'Salta,AR': {'time': datetime.datetime(2021, 9, 23, 10, 35, 3, 771610), 'body': {'location_name': 'Salta,AR', 'temperature': ['14.76C', '58.57F'], 'wind': '0.89m/s', 'cloudiness': '100%', 'pressure': '1021hpa', 'humidity': '62%', 'geo_coordinates': [-24.7859, -65.4117], 'sunrise': '10:09', 'sunset': '22:18', 'forecast': 'overcast clouds', 'headers': {'content-type': 'application/json'}, 'requested_time': '2021-09-23 10:35:03'}}, 'Boston,US': {'time': datetime.datetime(2021, 9, 23, 10, 35, 22, 781798), 'body': {'location_name': 'Boston,US', 'temperature': ['19.67C', '67.41F'], 'wind': '1.34m/s', 'cloudiness': '100%', 'pressure': '1020hpa', 'humidity': '91%', 'geo_coordinates': [42.3584, -71.0598], 'sunrise': '10:32', 'sunset': '22:40', 'forecast': 'overcast clouds', 'headers': {'content-type': 'application/json'}, 'requested_time': '2021-09-23 10:35:22'}}, 'London,UK': {'time': datetime.datetime(2021, 9, 23, 10, 35, 38, 398914), 'body': {'location_name': 'London,UK', 'temperature': ['12.03C', '53.65F'], 'wind': '4.63m/s', 'cloudiness': '20%', 'pressure': '1022hpa', 'humidity': '88%', 'geo_coordinates': [51.5085, -0.1257], 'sunrise': '05:48', 'sunset': '17:57', 'forecast': 'few clouds', 'headers': {'content-type': 'application/json'}, 'requested_time': '2021-09-23 10:35:38'}}, 'Mumbai,IN': {'time': datetime.datetime(2021, 9, 23, 10, 36, 2, 852283), 'body': {'location_name': 'Mumbai,IN', 'temperature': ['27.99C', '82.38F'], 'wind': '2.06m/s', 'cloudiness': '75%', 'pressure': '1007hpa', 'humidity': '89%', 'geo_coordinates': [19.0144, 72.8479], 'sunrise': '00:57', 'sunset': '13:04', 'forecast': 'haze', 'headers': {'content-type': 'application/json'}, 'requested_time': '2021-09-23 10:36:06'}}}
2021-09-23 10:38:03,375 -INFO -Muzaffarpur,IN : data is older than 2 minutes. will get updated
2021-09-23 10:38:03,375 -INFO -complete URL is https://api.openweathermap.org/data/2.5/weather?q=Muzaffarpur,IN&appid=522de672316f977feec60f1733b46aee
2021-09-23 10:38:03,813 -INFO -status code is 200
2021-09-23 10:38:03,813 -INFO -coming from openweathermap api
2021-09-23 10:38:03,813 -INFO -in getresponsedata
2021-09-23 10:38:03,813 -INFO -getting response data from getresponsedata
2021-09-23 10:38:03,813 -INFO -Cache is updated with location: Muzaffarpur,IN
2021-09-23 10:38:03,813 -INFO -Final response object is {'location_name': 'Muzaffarpur,IN', 'temperature': ['26.96C', '80.53F'], 'wind': '5.78m/s', 'cloudiness': '43%', 'pressure': '1008hpa', 'humidity': '69%', 'geo_coordinates': [26.1167, 85.4], 'sunrise': '00:07', 'sunset': '12:14', 'forecast': 'scattered clouds', 'headers': {'content-type': 'application/json'}, 'requested_time': '2021-09-23 10:38:03'}
2021-09-23 10:38:03,813 -INFO -127.0.0.1 - - [23/Sep/2021 10:38:03] "GET /weather?city=Muzaffarpur&country=IN& HTTP/1.1" 200 -
2021-09-23 10:38:20,888 -INFO -Location is Salta,AR
2021-09-23 10:38:20,888 -INFO -in checkingcache
2021-09-23 10:38:20,888 -INFO -location is Salta,AR and cache is {'Muzaffarpur,IN': {'time': datetime.datetime(2021, 9, 23, 10, 38, 3, 813052), 'body': {'location_name': 'Muzaffarpur,IN', 'temperature': ['26.96C', '80.53F'], 'wind': '5.78m/s', 'cloudiness': '43%', 'pressure': '1008hpa', 'humidity': '69%', 'geo_coordinates': [26.1167, 85.4], 'sunrise': '00:07', 'sunset': '12:14', 'forecast': 'scattered clouds', 'headers': {'content-type': 'application/json'}, 'requested_time': '2021-09-23 10:38:03'}}, 'Salta,AR': {'time': datetime.datetime(2021, 9, 23, 10, 35, 3, 771610), 'body': {'location_name': 'Salta,AR', 'temperature': ['14.76C', '58.57F'], 'wind': '0.89m/s', 'cloudiness': '100%', 'pressure': '1021hpa', 'humidity': '62%', 'geo_coordinates': [-24.7859, -65.4117], 'sunrise': '10:09', 'sunset': '22:18', 'forecast': 'overcast clouds', 'headers': {'content-type': 'application/json'}, 'requested_time': '2021-09-23 10:35:03'}}, 'Boston,US': {'time': datetime.datetime(2021, 9, 23, 10, 35, 22, 781798), 'body': {'location_name': 'Boston,US', 'temperature': ['19.67C', '67.41F'], 'wind': '1.34m/s', 'cloudiness': '100%', 'pressure': '1020hpa', 'humidity': '91%', 'geo_coordinates': [42.3584, -71.0598], 'sunrise': '10:32', 'sunset': '22:40', 'forecast': 'overcast clouds', 'headers': {'content-type': 'application/json'}, 'requested_time': '2021-09-23 10:35:22'}}, 'London,UK': {'time': datetime.datetime(2021, 9, 23, 10, 35, 38, 398914), 'body': {'location_name': 'London,UK', 'temperature': ['12.03C', '53.65F'], 'wind': '4.63m/s', 'cloudiness': '20%', 'pressure': '1022hpa', 'humidity': '88%', 'geo_coordinates': [51.5085, -0.1257], 'sunrise': '05:48', 'sunset': '17:57', 'forecast': 'few clouds', 'headers': {'content-type': 'application/json'}, 'requested_time': '2021-09-23 10:35:38'}}, 'Mumbai,IN': {'time': datetime.datetime(2021, 9, 23, 10, 36, 2, 852283), 'body': {'location_name': 'Mumbai,IN', 'temperature': ['27.99C', '82.38F'], 'wind': '2.06m/s', 'cloudiness': '75%', 'pressure': '1007hpa', 'humidity': '89%', 'geo_coordinates': [19.0144, 72.8479], 'sunrise': '00:57', 'sunset': '13:04', 'forecast': 'haze', 'headers': {'content-type': 'application/json'}, 'requested_time': '2021-09-23 10:36:06'}}}
2021-09-23 10:38:20,888 -INFO -Salta,AR : data is older than 2 minutes. will get updated
2021-09-23 10:38:20,888 -INFO -complete URL is https://api.openweathermap.org/data/2.5/weather?q=Salta,AR&appid=522de672316f977feec60f1733b46aee
2021-09-23 10:38:21,330 -INFO -status code is 200
2021-09-23 10:38:21,330 -INFO -coming from openweathermap api
2021-09-23 10:38:21,330 -INFO -in getresponsedata
2021-09-23 10:38:21,332 -INFO -getting response data from getresponsedata
2021-09-23 10:38:21,333 -INFO -Cache is updated with location: Salta,AR
2021-09-23 10:38:21,333 -INFO -Final response object is {'location_name': 'Salta,AR', 'temperature': ['14.76C', '58.57F'], 'wind': '0.89m/s', 'cloudiness': '100%', 'pressure': '1021hpa', 'humidity': '62%', 'geo_coordinates': [-24.7859, -65.4117], 'sunrise': '10:09', 'sunset': '22:18', 'forecast': 'overcast clouds', 'headers': {'content-type': 'application/json'}, 'requested_time': '2021-09-23 10:38:21'}
2021-09-23 10:38:21,334 -INFO -127.0.0.1 - - [23/Sep/2021 10:38:21] "GET /weather?city=Salta&country=AR& HTTP/1.1" 200 -
